========== Compilation Start ==========
Compiled: default
Compiled: interchange
Compiled: fusion
Compiled: blocking
Compiled: inlining
========== Compilation Complete ==========

========== Profiling CPU Cache Metrics ==========

Profiling Default Implementation
-----------------------------------
First 10 unsorted values:
264 600 557 56 85 501 576 720 697 46 ... (only first 10 shown)

First 10 sorted values:
0 0 0 0 0 0 0 0 0 0 ... (only first 10 shown)

Execution time: 2.796819e-01 seconds

 Performance counter stats for './default':

             26881      cache-misses:u            #    0.671 % of all cache refs    
           4005343      cache-references:u                                          

       0.292184177 seconds time elapsed

       0.289205000 seconds user
       0.002001000 seconds sys



Default Implementation Profiling Completed

Profiling Interchange Implementation
-----------------------------------
First 10 unsorted values:
264 600 557 56 85 501 576 720 697 46 ... (only first 10 shown)

First 10 sorted values:
0 0 0 0 0 0 0 0 0 0 ... (only first 10 shown)

Execution time: 2.665520e+03 seconds

 Performance counter stats for './interchange':

           8448003      cache-misses:u            #   93.180 % of all cache refs    
           9066369      cache-references:u                                          

    2665.533430377 seconds time elapsed

    2657.676016000 seconds user
       0.051069000 seconds sys



Interchange Implementation Profiling Completed

Profiling Fusion Implementation
-----------------------------------
First 10 unsorted values:
280 143 906 949 94 418 155 779 869 930 ... (only first 10 shown)

First 10 sorted values:
0 0 0 0 0 0 0 0 0 0 ... (only first 10 shown)

Execution time: 2.829061e-01 seconds

 Performance counter stats for './fusion':

             21216      cache-misses:u            #    0.529 % of all cache refs    
           4008009      cache-references:u                                          

       0.295762578 seconds time elapsed

       0.292797000 seconds user
       0.002000000 seconds sys



Fusion Implementation Profiling Completed

Profiling Blocking Implementation
-----------------------------------
First 10 unsorted values:
658 360 826 774 426 280 161 138 120 462 ... (only first 10 shown)

First 10 sorted values:
0 0 0 0 0 0 0 0 0 0 ... (only first 10 shown)

Execution time: 1.211748e+01 seconds

 Performance counter stats for './blocking':

            247371      cache-misses:u            #   83.502 % of all cache refs    
            296244      cache-references:u                                          

      12.131130081 seconds time elapsed

      12.100020000 seconds user
       0.002991000 seconds sys



Blocking Implementation Profiling Completed

Profiling Inlining Implementation
-----------------------------------
First 10 unsorted values:
578 529 449 295 867 940 438 600 116 705 ... (only first 10 shown)

First 10 sorted values:
0 0 0 0 0 0 0 0 0 0 ... (only first 10 shown)

Execution time: 2.347398e-01 seconds

 Performance counter stats for './inlining':

            243530      cache-misses:u            #    6.380 % of all cache refs    
           3817130      cache-references:u                                          

       0.248015804 seconds time elapsed

       0.242078000 seconds user
       0.004979000 seconds sys



Inlining Implementation Profiling Completed

========== CPU Cache Profiling Completed ==========
