========== Compilation Start ==========
Compiled: default
Compiled: interchange
Compiled: fusion
Compiled: blocking
Compiled: inlining
========== Compilation Complete ==========

========== Profiling CPU Cache Metrics ==========

Profiling Default Implementation
-----------------------------------
First 10 unsorted values:
253 622 581 952 965 870 657 851 710 680 ... (only first 10 shown)

First 10 sorted values:
0 0 0 0 0 0 0 0 0 0 ... (only first 10 shown)

Execution time: 2.779200e-01 seconds

 Performance counter stats for './default':

             71139      cache-misses:u            #    1.766 % of all cache refs    
           4028180      cache-references:u                                          

       0.290906760 seconds time elapsed

       0.288857000 seconds user
       0.001000000 seconds sys



Default Implementation Profiling Completed

Profiling Interchange Implementation
-----------------------------------
First 10 unsorted values:
253 622 581 952 965 870 657 851 710 680 ... (only first 10 shown)

First 10 sorted values:
0 0 0 0 0 0 0 0 0 0 ... (only first 10 shown)

Execution time: 2.642294e+03 seconds

 Performance counter stats for './interchange':

           8631301      cache-misses:u            #   94.259 % of all cache refs    
           9157008      cache-references:u                                          

    2642.320396622 seconds time elapsed

    2632.772658000 seconds user
       0.488646000 seconds sys



Interchange Implementation Profiling Completed

Profiling Fusion Implementation
-----------------------------------
First 10 unsorted values:
962 549 471 1 834 342 572 559 657 873 ... (only first 10 shown)

First 10 sorted values:
0 0 0 0 0 0 0 0 0 0 ... (only first 10 shown)

Execution time: 2.806749e-01 seconds

 Performance counter stats for './fusion':

             51544      cache-misses:u            #    1.328 % of all cache refs    
           3881291      cache-references:u                                          

       0.294385402 seconds time elapsed

       0.290282000 seconds user
       0.002996000 seconds sys



Fusion Implementation Profiling Completed

Profiling Blocking Implementation
-----------------------------------
First 10 unsorted values:
497 136 150 881 986 656 978 854 574 713 ... (only first 10 shown)

First 10 sorted values:
0 0 0 0 0 0 0 0 0 0 ... (only first 10 shown)

Execution time: 1.209050e+01 seconds

 Performance counter stats for './blocking':

            262963      cache-misses:u            #   86.882 % of all cache refs    
            302666      cache-references:u                                          

      12.105086752 seconds time elapsed

      12.075647000 seconds user
       0.001994000 seconds sys



Blocking Implementation Profiling Completed

Profiling Inlining Implementation
-----------------------------------
First 10 unsorted values:
122 767 941 659 736 304 495 31 965 644 ... (only first 10 shown)

First 10 sorted values:
0 0 0 0 0 0 0 0 0 0 ... (only first 10 shown)

Execution time: 2.320831e-01 seconds

 Performance counter stats for './inlining':

             23009      cache-misses:u            #    0.620 % of all cache refs    
           3713700      cache-references:u                                          

       0.244888512 seconds time elapsed

       0.242086000 seconds user
       0.001996000 seconds sys



Inlining Implementation Profiling Completed

========== CPU Cache Profiling Completed ==========
