========== Compilation Start ==========
Compiled: default
Compiled: interchange
Compiled: fusion
Compiled: blocking
Compiled: inlining
========== Compilation Complete ==========

========== Profiling CPU Cache Metrics ==========

Profiling Default Implementation
-----------------------------------
First 10 unsorted values:
566 18 928 75 660 586 665 68 630 567 ... (only first 10 shown)

First 10 sorted values:
0 0 0 0 0 0 0 0 0 0 ... (only first 10 shown)

Execution time: 2.893789e-01 seconds

 Performance counter stats for './default':

            392690      cache-misses:u            #   10.168 % of all cache refs    
           3862162      cache-references:u                                          

       0.302599386 seconds time elapsed

       0.298501000 seconds user
       0.002983000 seconds sys



Default Implementation Profiling Completed

Profiling Interchange Implementation
-----------------------------------
First 10 unsorted values:
566 18 928 75 660 586 665 68 630 567 ... (only first 10 shown)

First 10 sorted values:
0 0 0 0 0 0 0 0 0 0 ... (only first 10 shown)

Execution time: 2.662928e+03 seconds

 Performance counter stats for './interchange':

           7574278      cache-misses:u            #   90.973 % of all cache refs    
           8325891      cache-references:u                                          

    2662.941598423 seconds time elapsed

    2656.365950000 seconds user
       0.024755000 seconds sys



Interchange Implementation Profiling Completed

Profiling Fusion Implementation
-----------------------------------
First 10 unsorted values:
719 984 512 782 43 679 447 475 97 844 ... (only first 10 shown)

First 10 sorted values:
0 0 0 0 0 0 0 0 0 0 ... (only first 10 shown)

Execution time: 2.882578e-01 seconds

 Performance counter stats for './fusion':

            391065      cache-misses:u            #    9.587 % of all cache refs    
           4079108      cache-references:u                                          

       0.301219721 seconds time elapsed

       0.297162000 seconds user
       0.002992000 seconds sys



Fusion Implementation Profiling Completed

Profiling Blocking Implementation
-----------------------------------
First 10 unsorted values:
807 362 593 543 716 956 526 647 101 195 ... (only first 10 shown)

First 10 sorted values:
0 0 0 0 0 0 0 0 0 0 ... (only first 10 shown)

Execution time: 1.212171e+01 seconds

 Performance counter stats for './blocking':

            259744      cache-misses:u            #   93.494 % of all cache refs    
            277818      cache-references:u                                          

      12.136091862 seconds time elapsed

      12.104544000 seconds user
       0.001985000 seconds sys



Blocking Implementation Profiling Completed

Profiling Inlining Implementation
-----------------------------------
First 10 unsorted values:
646 664 429 34 708 384 653 96 869 396 ... (only first 10 shown)

First 10 sorted values:
0 0 0 0 0 0 0 0 0 0 ... (only first 10 shown)

Execution time: 2.393551e-01 seconds

 Performance counter stats for './inlining':

            388985      cache-misses:u            #   10.183 % of all cache refs    
           3820038      cache-references:u                                          

       0.252318559 seconds time elapsed

       0.248408000 seconds user
       0.002992000 seconds sys



Inlining Implementation Profiling Completed

========== CPU Cache Profiling Completed ==========
