========== Profiling CPU Cache Metrics ==========

Profiling Default Implementation
-----------------------------------
First 10 unsorted values:
890 402 585 18 403 863 622 571 183 489 ... (only first 10 shown)

First 10 sorted values:
0 3 3 3 4 4 5 5 5 6 ... (only first 10 shown)

Execution time: 1.580715e-04 seconds

 Performance counter stats for './default':

               462      cache-misses:u            #    7.271 % of all cache refs    
              6354      cache-references:u                                          

       0.001324617 seconds time elapsed

       0.001253000 seconds user
       0.000000000 seconds sys



Default Implementation Profiling Completed

Profiling Interchange Implementation
-----------------------------------
First 10 unsorted values:
890 402 585 18 403 863 622 571 183 489 ... (only first 10 shown)

First 10 sorted values:
0 3 3 3 4 4 5 5 5 6 ... (only first 10 shown)

Execution time: 3.029108e-03 seconds

 Performance counter stats for './interchange':

               245      cache-misses:u            #    3.861 % of all cache refs    
              6345      cache-references:u                                          

       0.004171884 seconds time elapsed

       0.003060000 seconds user
       0.001026000 seconds sys



Interchange Implementation Profiling Completed

Profiling Fusion Implementation
-----------------------------------
First 10 unsorted values:
890 402 585 18 403 863 622 571 183 489 ... (only first 10 shown)

First 10 sorted values:
0 3 3 3 4 4 5 5 5 6 ... (only first 10 shown)

Execution time: 1.659393e-04 seconds

 Performance counter stats for './fusion':

               752      cache-misses:u            #   11.715 % of all cache refs    
              6419      cache-references:u                                          

       0.001341881 seconds time elapsed

       0.000664000 seconds user
       0.000667000 seconds sys



Fusion Implementation Profiling Completed

Profiling Blocking Implementation
-----------------------------------
First 10 unsorted values:
890 402 585 18 403 863 622 571 183 489 ... (only first 10 shown)

First 10 sorted values:
0 3 3 3 4 4 5 5 5 6 ... (only first 10 shown)

Execution time: 1.008511e-04 seconds

 Performance counter stats for './blocking':

               302      cache-misses:u            #    4.801 % of all cache refs    
              6291      cache-references:u                                          

       0.001205957 seconds time elapsed

       0.000000000 seconds user
       0.001192000 seconds sys



Blocking Implementation Profiling Completed

Profiling Inlining Implementation
-----------------------------------
First 10 unsorted values:
890 402 585 18 403 863 622 571 183 489 ... (only first 10 shown)

First 10 sorted values:
0 3 3 3 4 4 5 5 5 6 ... (only first 10 shown)

Execution time: 1.370907e-04 seconds

 Performance counter stats for './inlining':

               239      cache-misses:u            #    3.804 % of all cache refs    
              6283      cache-references:u                                          

       0.001225107 seconds time elapsed

       0.001219000 seconds user
       0.000000000 seconds sys



Inlining Implementation Profiling Completed

========== CPU Cache Profiling Completed ==========
